This is pdfTeX, Version 3.1415926-2.3-1.40.12 (MiKTeX 2.9) (preloaded format=pdflatex 2012.2.21)  10 MAY 2013 16:14
entering extended mode
**Yarmis*Final*Report.tex

("C:\Users\Ben\Dropbox\College\4). Senior Year\Second Semester\MAE 3195-- Compu
ter-Aided Design of Mechanical Systems\Final\Yarmis Final Report.tex"
LaTeX2e <2009/09/24>
Babel <v3.8l> and hyphenation patterns for english, afrikaans, ancientgreek, ar
abic, armenian, assamese, basque, bengali, bokmal, bulgarian, catalan, coptic, 
croatian, czech, danish, dutch, esperanto, estonian, farsi, finnish, french, ga
lician, german, german-x-2009-06-19, greek, gujarati, hindi, hungarian, iceland
ic, indonesian, interlingua, irish, italian, kannada, kurmanji, lao, latin, lat
vian, lithuanian, malayalam, marathi, mongolian, mongolianlmc, monogreek, ngerm
an, ngerman-x-2009-06-19, nynorsk, oriya, panjabi, pinyin, polish, portuguese, 
romanian, russian, sanskrit, serbian, slovak, slovenian, spanish, swedish, swis
sgerman, tamil, telugu, turkish, turkmen, ukenglish, ukrainian, uppersorbian, u
senglishmax, welsh, loaded.
("C:\Program Files (x86)\MiKTeX 2.9\tex\latex\base\report.cls"
Document Class: report 2007/10/19 v1.4h Standard LaTeX document class
("C:\Program Files (x86)\MiKTeX 2.9\tex\latex\base\size12.clo"
File: size12.clo 2007/10/19 v1.4h Standard LaTeX file (size option)
)
\c@part=\count79
\c@chapter=\count80
\c@section=\count81
\c@subsection=\count82
\c@subsubsection=\count83
\c@paragraph=\count84
\c@subparagraph=\count85
\c@figure=\count86
\c@table=\count87
\abovecaptionskip=\skip41
\belowcaptionskip=\skip42
\bibindent=\dimen102
)
("C:\Program Files (x86)\MiKTeX 2.9\tex\latex\base\inputenc.sty"
Package: inputenc 2008/03/30 v1.1d Input encoding file
\inpenc@prehook=\toks14
\inpenc@posthook=\toks15

("C:\Program Files (x86)\MiKTeX 2.9\tex\latex\base\latin1.def"
File: latin1.def 2008/03/30 v1.1d Input encoding file
))
("C:\Program Files (x86)\MiKTeX 2.9\tex\latex\ams\math\amsmath.sty"
Package: amsmath 2000/07/18 v2.13 AMS math features
\@mathmargin=\skip43

For additional information on amsmath, use the `?' option.
("C:\Program Files (x86)\MiKTeX 2.9\tex\latex\ams\math\amstext.sty"
Package: amstext 2000/06/29 v2.01

("C:\Program Files (x86)\MiKTeX 2.9\tex\latex\ams\math\amsgen.sty"
File: amsgen.sty 1999/11/30 v2.0
\@emptytoks=\toks16
\ex@=\dimen103
))
("C:\Program Files (x86)\MiKTeX 2.9\tex\latex\ams\math\amsbsy.sty"
Package: amsbsy 1999/11/29 v1.2d
\pmbraise@=\dimen104
)
("C:\Program Files (x86)\MiKTeX 2.9\tex\latex\ams\math\amsopn.sty"
Package: amsopn 1999/12/14 v2.01 operator names
)
\inf@bad=\count88
LaTeX Info: Redefining \frac on input line 211.
\uproot@=\count89
\leftroot@=\count90
LaTeX Info: Redefining \overline on input line 307.
\classnum@=\count91
\DOTSCASE@=\count92
LaTeX Info: Redefining \ldots on input line 379.
LaTeX Info: Redefining \dots on input line 382.
LaTeX Info: Redefining \cdots on input line 467.
\Mathstrutbox@=\box26
\strutbox@=\box27
\big@size=\dimen105
LaTeX Font Info:    Redeclaring font encoding OML on input line 567.
LaTeX Font Info:    Redeclaring font encoding OMS on input line 568.
\macc@depth=\count93
\c@MaxMatrixCols=\count94
\dotsspace@=\muskip10
\c@parentequation=\count95
\dspbrk@lvl=\count96
\tag@help=\toks17
\row@=\count97
\column@=\count98
\maxfields@=\count99
\andhelp@=\toks18
\eqnshift@=\dimen106
\alignsep@=\dimen107
\tagshift@=\dimen108
\tagwidth@=\dimen109
\totwidth@=\dimen110
\lineht@=\dimen111
\@envbody=\toks19
\multlinegap=\skip44
\multlinetaggap=\skip45
\mathdisplay@stack=\toks20
LaTeX Info: Redefining \[ on input line 2666.
LaTeX Info: Redefining \] on input line 2667.
)
("C:\Program Files (x86)\MiKTeX 2.9\tex\latex\amsfonts\amsfonts.sty"
Package: amsfonts 2009/06/22 v3.00 Basic AMSFonts support
\symAMSa=\mathgroup4
\symAMSb=\mathgroup5
LaTeX Font Info:    Overwriting math alphabet `\mathfrak' in version `bold'
(Font)                  U/euf/m/n --> U/euf/b/n on input line 96.
)
("C:\Program Files (x86)\MiKTeX 2.9\tex\latex\amsfonts\amssymb.sty"
Package: amssymb 2009/06/22 v3.00
)
("C:\Program Files (x86)\MiKTeX 2.9\tex\latex\float\float.sty"
Package: float 2001/11/08 v1.3d Float enhancements (AL)
\c@float@type=\count100
\float@exts=\toks21
\float@box=\box28
\@float@everytoks=\toks22
\@floatcapt=\box29
)
("C:\Program Files (x86)\MiKTeX 2.9\tex\latex\mh\xfrac.sty"
("C:\Program Files (x86)\MiKTeX 2.9\tex\latex\expl3\expl3.sty"
("C:\Program Files (x86)\MiKTeX 2.9\tex\latex\expl3\l3names.sty"
Package: l3names 2011/01/08 v2122 L3 Experimental Naming Scheme for TeX Primiti
ves
)
Package: expl3 2011/04/09 v2222 L3 Experimental code bundle wrapper

("C:\Program Files (x86)\MiKTeX 2.9\tex\latex\misc\etex.sty"
Package: etex 1998/03/26 v2.0 eTeX basic definition package (PEB)
\et@xins=\count101
)
("C:\Program Files (x86)\MiKTeX 2.9\tex\latex\expl3\l3basics.sty"
Package: l3basics 2011/04/23 v2246 L3 Experimental basic definitions
)
("C:\Program Files (x86)\MiKTeX 2.9\tex\latex\expl3\l3expan.sty"
Package: l3expan 2011/04/09 v2223 L3 Experimental Argument Expansion module
)
("C:\Program Files (x86)\MiKTeX 2.9\tex\latex\expl3\l3tl.sty"
Package: l3tl 2011/04/09 v2223 L3 Experimental Token Lists
)
("C:\Program Files (x86)\MiKTeX 2.9\tex\latex\expl3\l3int.sty"
Package: l3int 2011/04/11 v2229 L3 Experimental Integer module
\l_tmpa_int=\count102
\l_tmpb_int=\count103
\l_tmpc_int=\count104
\g_tmpa_int=\count105
\g_tmpb_int=\count106
\c_max_int=\count107
\g_tl_inline_level_int=\count108
\g_prg_inline_level_int=\count109
)
("C:\Program Files (x86)\MiKTeX 2.9\tex\latex\expl3\l3quark.sty"
Package: l3quark 2011/04/14 v2234 L3 Experimental Quark Commands
)
("C:\Program Files (x86)\MiKTeX 2.9\tex\latex\expl3\l3seq.sty"
Package: l3seq 2011/04/21 v2245 The LaTeX3 kernel: sequences and stacks
\g_seq_nesting_depth_int=\count110
)
("C:\Program Files (x86)\MiKTeX 2.9\tex\latex\expl3\l3toks.sty"
Package: l3toks 2011/04/09 v2223 L3 Experimental Token Registers
\l_tmpb_toks=\toks23
\l_tmpc_toks=\toks24
\g_tmpa_toks=\toks25
\g_tmpb_toks=\toks26
\g_tmpc_toks=\toks27
\c_empty_toks=\toks28
\l_tl_replace_toks=\toks29
)
("C:\Program Files (x86)\MiKTeX 2.9\tex\latex\expl3\l3prg.sty"
Package: l3prg 2011/04/09 v2223 L3 Experimental control structures
)
("C:\Program Files (x86)\MiKTeX 2.9\tex\latex\expl3\l3clist.sty"
Package: l3clist 2011/04/09 v2223 L3 Experimental comma separated lists
\g_clist_map_inline_int=\count111
)
("C:\Program Files (x86)\MiKTeX 2.9\tex\latex\expl3\l3token.sty"
Package: l3token 2011/04/09 v2223 L3 Experimental token investigation and manip
ulation
)
("C:\Program Files (x86)\MiKTeX 2.9\tex\latex\expl3\l3prop.sty"
Package: l3prop 2011/04/09 v2223 L3 Experimental Property Lists
\g_prop_inline_level_int=\count112
)
("C:\Program Files (x86)\MiKTeX 2.9\tex\latex\expl3\l3msg.sty"
Package: l3msg 2010/10/02 v2052 L3 Experimental LaTeX Messages module
\l_msg_redirect_classes_prop=\toks30
\l_msg_redirect_names_prop=\toks31
\l_msg_redirect_fatal_prop=\toks32
\l_msg_redirect_error_prop=\toks33
\l_msg_redirect_warning_prop=\toks34
\l_msg_redirect_info_prop=\toks35
\l_msg_redirect_log_prop=\toks36
\l_msg_redirect_trace_prop=\toks37
\l_msg_redirect_none_prop=\toks38
)
("C:\Program Files (x86)\MiKTeX 2.9\tex\latex\expl3\l3io.sty"
Package: l3io 2010/10/03 v2063 L3 Experimental i/o module
\g_iow_streams_prop=\toks39
\g_ior_streams_prop=\toks40
\l_iow_stream_int=\count113
)
("C:\Program Files (x86)\MiKTeX 2.9\tex\latex\expl3\l3skip.sty"
Package: l3skip 2011/02/15 v2149 L3 Experimental skip registers
\l_tmpa_skip=\skip46
\l_tmpb_skip=\skip47
\l_tmpc_skip=\skip48
\g_tmpa_skip=\skip49
\g_tmpb_skip=\skip50
\l_tmpa_dim=\dimen112
\l_tmpb_dim=\dimen113
\l_tmpc_dim=\dimen114
\l_tmpd_dim=\dimen115
\g_tmpa_dim=\dimen116
\g_tmpb_dim=\dimen117
)
("C:\Program Files (x86)\MiKTeX 2.9\tex\latex\expl3\l3box.sty"
Package: l3box 2011/04/09 v2223 L3 Experimental Box module
\l_tmpb_box=\box30
)
("C:\Program Files (x86)\MiKTeX 2.9\tex\latex\expl3\l3keyval.sty"
Package: l3keyval 2011/04/09 v2223 L3 Experimental keyval processing
\l_KV_level_int=\count114
)
("C:\Program Files (x86)\MiKTeX 2.9\tex\latex\expl3\l3keys.sty"
Package: l3keys 2010/11/11 v2082 L3 Experimental key-value support
\l_keys_choice_int=\count115
)
("C:\Program Files (x86)\MiKTeX 2.9\tex\latex\expl3\l3precom.sty"
Package: l3precom 2011/04/09 v2223 L3 Experimental precompilation module
\g_gen_sym_int=\count116
\g_ggen_sym_int=\count117
)
("C:\Program Files (x86)\MiKTeX 2.9\tex\latex\expl3\l3xref.sty"
Package: l3xref 2011/04/09 v2223 L3 Experimental cross referencing
\g_xref_all_curr_immediate_fields_prop=\toks41
\g_xref_all_curr_deferred_fields_prop=\toks42
)
("C:\Program Files (x86)\MiKTeX 2.9\tex\latex\expl3\l3file.sty"
Package: l3file 2011/04/21 v2242 The LaTeX3 kernel: file operations
)
("C:\Program Files (x86)\MiKTeX 2.9\tex\latex\expl3\l3fp.sty"
Package: l3fp 2011/03/19 v2201 L3 Experimental floating-point operations
\c_one_million=\count118
\c_one_hundred_million=\count119
\c_five_hundred_million=\count120
\c_one_thousand_million=\count121
\c_fp_pi_by_four_decimal_int=\count122
\c_fp_pi_by_four_extended_int=\count123
\c_fp_pi_decimal_int=\count124
\c_fp_pi_extended_int=\count125
\c_fp_two_pi_decimal_int=\count126
\c_fp_two_pi_extended_int=\count127
\l_fp_count_int=\count128
\l_fp_div_offset_int=\count129
\l_fp_exp_integer_int=\count130
\l_fp_exp_decimal_int=\count131
\l_fp_exp_extended_int=\count132
\l_fp_exp_exponent_int=\count133
\l_fp_input_a_sign_int=\count134
\l_fp_input_a_integer_int=\count135
\l_fp_input_a_decimal_int=\count136
\l_fp_input_a_exponent_int=\count137
\l_fp_input_b_sign_int=\count138
\l_fp_input_b_integer_int=\count139
\l_fp_input_b_decimal_int=\count140
\l_fp_input_b_exponent_int=\count141
\l_fp_input_a_extended_int=\count142
\l_fp_input_b_extended_int=\count143
\l_fp_mul_a_i_int=\count144
\l_fp_mul_a_ii_int=\count145
\l_fp_mul_a_iii_int=\count146
\l_fp_mul_a_iv_int=\count147
\l_fp_mul_a_v_int=\count148
\l_fp_mul_a_vi_int=\count149
\l_fp_mul_b_i_int=\count150
\l_fp_mul_b_ii_int=\count151
\l_fp_mul_b_iii_int=\count152
\l_fp_mul_b_iv_int=\count153
\l_fp_mul_b_v_int=\count154
\l_fp_mul_b_vi_int=\count155
\l_fp_mul_output_int=\count156
\l_fp_output_sign_int=\count157
\l_fp_output_integer_int=\count158
\l_fp_output_decimal_int=\count159
\l_fp_output_exponent_int=\count160
\l_fp_output_extended_int=\count161
\l_fp_round_position_int=\count162
\l_fp_round_target_int=\count163
\l_fp_split_sign_int=\count164
\l_fp_tmp_int=\count165
\l_fp_trig_octant_int=\count166
\l_fp_trig_sign_int=\count167
\l_fp_trig_decimal_int=\count168
\l_fp_trig_extended_int=\count169
\l_fp_tmp_dim=\dimen118
\l_fp_tmp_skip=\skip51
)
("C:\Program Files (x86)\MiKTeX 2.9\tex\latex\expl3\l3luatex.sty"
Package: l3luatex 2010/07/18 v1985 L3 Experimental LuaTeX functions
\g_cctab_allocate_int=\count170
\g_cctab_stack_int=\count171
)
("C:\Program Files (x86)\MiKTeX 2.9\tex\latex\tools\calc.sty"
Package: calc 2007/08/22 v4.3 Infix arithmetic (KKT,FJ)
\calc@Acount=\count172
\calc@Bcount=\count173
\calc@Adimen=\dimen119
\calc@Bdimen=\dimen120
\calc@Askip=\skip52
\calc@Bskip=\skip53
LaTeX Info: Redefining \setlength on input line 76.
LaTeX Info: Redefining \addtolength on input line 77.
\calc@Ccount=\count174
\calc@Cskip=\skip54
))
Package: xfrac 2010/02/02 v0.3 Text fractions

("C:\Program Files (x86)\MiKTeX 2.9\tex\latex\graphics\graphicx.sty"
Package: graphicx 1999/02/16 v1.0f Enhanced LaTeX Graphics (DPC,SPQR)

("C:\Program Files (x86)\MiKTeX 2.9\tex\latex\graphics\keyval.sty"
Package: keyval 1999/03/16 v1.13 key=value parser (DPC)
\KV@toks@=\toks43
)
("C:\Program Files (x86)\MiKTeX 2.9\tex\latex\graphics\graphics.sty"
Package: graphics 2009/02/05 v1.0o Standard LaTeX Graphics (DPC,SPQR)

("C:\Program Files (x86)\MiKTeX 2.9\tex\latex\graphics\trig.sty"
Package: trig 1999/03/16 v1.09 sin cos tan (DPC)
)
("C:\Program Files (x86)\MiKTeX 2.9\tex\latex\00miktex\graphics.cfg"
File: graphics.cfg 2007/01/18 v1.5 graphics configuration of teTeX/TeXLive
)
Package graphics Info: Driver file: pdftex.def on input line 91.

("C:\Program Files (x86)\MiKTeX 2.9\tex\latex\pdftex-def\pdftex.def"
File: pdftex.def 2011/05/27 v0.06d Graphics/color for pdfTeX

("C:\Program Files (x86)\MiKTeX 2.9\tex\generic\oberdiek\infwarerr.sty"
Package: infwarerr 2010/04/08 v1.3 Providing info/warning/message (HO)
)
("C:\Program Files (x86)\MiKTeX 2.9\tex\generic\oberdiek\ltxcmds.sty"
Package: ltxcmds 2011/04/18 v1.20 LaTeX kernel commands for general use (HO)
)
\Gread@gobject=\count175
))
\Gin@req@height=\dimen121
\Gin@req@width=\dimen122
)
("C:\Program Files (x86)\MiKTeX 2.9\tex\latex\xpackages\xtras\l3keys2e.sty"
Package: l3keys2e 2011/05/06 v2320 Parsing LaTeX3 keyvals as LaTeX2e package op
tions

("C:\Program Files (x86)\MiKTeX 2.9\tex\latex\xpackages\xbase\xparse.sty"
Package: xparse 2011/04/08 v2219 Generic document command parser
\c_xparse_shorthands_prop=\toks44
\l_xparse_m_args_int=\count176
\l_xparse_mandatory_args_int=\count177
\l_xparse_processor_int=\count178
\l_xparse_total_args_int=\count179
))
("C:\Program Files (x86)\MiKTeX 2.9\tex\latex\base\textcomp.sty"
Package: textcomp 2005/09/27 v1.99g Standard LaTeX package
Package textcomp Info: Sub-encoding information:
(textcomp)               5 = only ISO-Adobe without \textcurrency
(textcomp)               4 = 5 + \texteuro
(textcomp)               3 = 4 + \textohm
(textcomp)               2 = 3 + \textestimated + \textcurrency
(textcomp)               1 = TS1 - \textcircled - \t
(textcomp)               0 = TS1 (full)
(textcomp)             Font families with sub-encoding setting implement
(textcomp)             only a restricted character set as indicated.
(textcomp)             Family '?' is the default used for unknown fonts.
(textcomp)             See the documentation for details.
Package textcomp Info: Setting ? sub-encoding to TS1/1 on input line 71.

("C:\Program Files (x86)\MiKTeX 2.9\tex\latex\base\ts1enc.def"
File: ts1enc.def 2001/06/05 v3.0e (jk/car/fm) Standard LaTeX file
)
LaTeX Info: Redefining \oldstylenums on input line 266.
Package textcomp Info: Setting cmr sub-encoding to TS1/0 on input line 281.
Package textcomp Info: Setting cmss sub-encoding to TS1/0 on input line 282.
Package textcomp Info: Setting cmtt sub-encoding to TS1/0 on input line 283.
Package textcomp Info: Setting cmvtt sub-encoding to TS1/0 on input line 284.
Package textcomp Info: Setting cmbr sub-encoding to TS1/0 on input line 285.
Package textcomp Info: Setting cmtl sub-encoding to TS1/0 on input line 286.
Package textcomp Info: Setting ccr sub-encoding to TS1/0 on input line 287.
Package textcomp Info: Setting ptm sub-encoding to TS1/4 on input line 288.
Package textcomp Info: Setting pcr sub-encoding to TS1/4 on input line 289.
Package textcomp Info: Setting phv sub-encoding to TS1/4 on input line 290.
Package textcomp Info: Setting ppl sub-encoding to TS1/3 on input line 291.
Package textcomp Info: Setting pag sub-encoding to TS1/4 on input line 292.
Package textcomp Info: Setting pbk sub-encoding to TS1/4 on input line 293.
Package textcomp Info: Setting pnc sub-encoding to TS1/4 on input line 294.
Package textcomp Info: Setting pzc sub-encoding to TS1/4 on input line 295.
Package textcomp Info: Setting bch sub-encoding to TS1/4 on input line 296.
Package textcomp Info: Setting put sub-encoding to TS1/5 on input line 297.
Package textcomp Info: Setting uag sub-encoding to TS1/5 on input line 298.
Package textcomp Info: Setting ugq sub-encoding to TS1/5 on input line 299.
Package textcomp Info: Setting ul8 sub-encoding to TS1/4 on input line 300.
Package textcomp Info: Setting ul9 sub-encoding to TS1/4 on input line 301.
Package textcomp Info: Setting augie sub-encoding to TS1/5 on input line 302.
Package textcomp Info: Setting dayrom sub-encoding to TS1/3 on input line 303.
Package textcomp Info: Setting dayroms sub-encoding to TS1/3 on input line 304.

Package textcomp Info: Setting pxr sub-encoding to TS1/0 on input line 305.
Package textcomp Info: Setting pxss sub-encoding to TS1/0 on input line 306.
Package textcomp Info: Setting pxtt sub-encoding to TS1/0 on input line 307.
Package textcomp Info: Setting txr sub-encoding to TS1/0 on input line 308.
Package textcomp Info: Setting txss sub-encoding to TS1/0 on input line 309.
Package textcomp Info: Setting txtt sub-encoding to TS1/0 on input line 310.
Package textcomp Info: Setting futs sub-encoding to TS1/4 on input line 311.
Package textcomp Info: Setting futx sub-encoding to TS1/4 on input line 312.
Package textcomp Info: Setting futj sub-encoding to TS1/4 on input line 313.
Package textcomp Info: Setting hlh sub-encoding to TS1/3 on input line 314.
Package textcomp Info: Setting hls sub-encoding to TS1/3 on input line 315.
Package textcomp Info: Setting hlst sub-encoding to TS1/3 on input line 316.
Package textcomp Info: Setting hlct sub-encoding to TS1/5 on input line 317.
Package textcomp Info: Setting hlx sub-encoding to TS1/5 on input line 318.
Package textcomp Info: Setting hlce sub-encoding to TS1/5 on input line 319.
Package textcomp Info: Setting hlcn sub-encoding to TS1/5 on input line 320.
Package textcomp Info: Setting hlcw sub-encoding to TS1/5 on input line 321.
Package textcomp Info: Setting hlcf sub-encoding to TS1/5 on input line 322.
Package textcomp Info: Setting pplx sub-encoding to TS1/3 on input line 323.
Package textcomp Info: Setting pplj sub-encoding to TS1/3 on input line 324.
Package textcomp Info: Setting ptmx sub-encoding to TS1/4 on input line 325.
Package textcomp Info: Setting ptmj sub-encoding to TS1/4 on input line 326.
)
("C:\Program Files (x86)\MiKTeX 2.9\tex\latex\xpackages\xbase\xtemplate.sty"
Package: xtemplate 2011/01/03 v2115 Prototype document functions
\g_xtemplate_object_type_prop=\toks45
\l_xtemplate_collections_prop=\toks46
\l_xtemplate_keytypes_prop=\toks47
\l_xtemplate_values_prop=\toks48
\l_xtemplate_vars_prop=\toks49
\l_xtemplate_tmp_dim=\dimen123
\l_xtemplate_tmp_int=\count180
\l_xtemplate_tmp_skip=\skip55
)
\l_xfrac_slash_box=\box31
\l_xfrac_tmp_box=\box32
\l_xfrac_denominator_bot_sep_dim=\dimen124
\l_xfrac_numerator_bot_sep_dim=\dimen125
\l_xfrac_numerator_top_sep_dim=\dimen126
\l_xfrac_slash_left_sep_dim=\dimen127
\l_xfrac_slash_right_sep_dim=\dimen128
 LaTeX info: Defining object type 'xfrac' with 3 argument(s) on line 71.

\g_xtemplate_defaults>xfrac/text_prop=\toks50
 LaTeX info: Defining template interface for 'xfrac/text' on line 97.

\g_xtemplate_keytypes>xfrac/text_prop=\toks51
 LaTeX info: Defining template code for 'xfrac/text' on line 303.

\g_xtemplate_vars>xfrac/text_prop=\toks52
\g_xtemplate_defaults>xfrac/math_prop=\toks53
 LaTeX info: Defining template interface for 'xfrac/math' on line 316.

\g_xtemplate_keytypes>xfrac/math_prop=\toks54
 LaTeX info: Defining template code for 'xfrac/math' on line 316.

\g_xtemplate_vars>xfrac/math_prop=\toks55
\l_xtemplate_values>xfrac//default_prop=\toks56
\l_xtemplate_values>xfrac//mathdefault_prop=\toks57
\l_xtemplate_values>xfrac/plainmath/mathdefault_prop=\toks58
\l_xtemplate_values>xfrac//cmr_prop=\toks59
\l_xtemplate_values>xfrac//cmss_prop=\toks60
\l_xtemplate_values>xfrac//cmtt_prop=\toks61
\l_xtemplate_values>xfrac//lmr_prop=\toks62
\l_xtemplate_values>xfrac//lmss_prop=\toks63
\l_xtemplate_values>xfrac//lmtt_prop=\toks64
 LaTeX info: Defining document command \sfrac
(LaTeX)  with arg. spec. 'omom' on line 396.

)
("C:\Program Files (x86)\MiKTeX 2.9\tex\latex\base\fix-cm.sty"
Package: fix-cm 2006/09/13 v1.1m fixes to LaTeX

("C:\Program Files (x86)\MiKTeX 2.9\tex\latex\base\ts1enc.def"
File: ts1enc.def 2001/06/05 v3.0e (jk/car/fm) Standard LaTeX file
LaTeX Font Info:    Redeclaring font encoding TS1 on input line 42.
))
("C:\Program Files (x86)\MiKTeX 2.9\tex\latex\caption\caption.sty"
Package: caption 2010/01/09 v3.1m Customizing captions (AR)

("C:\Program Files (x86)\MiKTeX 2.9\tex\latex\caption\caption3.sty"
Package: caption3 2010/01/14 v3.1m caption3 kernel (AR)
\captionmargin=\dimen129
\captionmargin@=\dimen130
\captionwidth=\dimen131
\caption@indent=\dimen132
\caption@parindent=\dimen133
\caption@hangindent=\dimen134
)
\c@ContinuedFloat=\count181
Package caption Info: float package is loaded.
)
("C:\Program Files (x86)\MiKTeX 2.9\tex\latex\caption\subcaption.sty"
Package: subcaption 2008/08/31 v1.0b Adding subcaptions (AR)
\c@subfigure=\count182
\c@subtable=\count183
)
("C:\Program Files (x86)\MiKTeX 2.9\tex\latex\appendix\appendix.sty"
Package: appendix 2009/09/02 v1.2b extra appendix facilities
\c@@pps=\count184
\c@@ppsavesec=\count185
\c@@ppsaveapp=\count186
)
("C:\Program Files (x86)\MiKTeX 2.9\tex\latex\geometry\geometry.sty"
Package: geometry 2010/09/12 v5.6 Page Geometry

("C:\Program Files (x86)\MiKTeX 2.9\tex\generic\oberdiek\ifpdf.sty"
Package: ifpdf 2011/01/30 v2.3 Provides the ifpdf switch (HO)
Package ifpdf Info: pdfTeX in PDF mode is detected.
)
("C:\Program Files (x86)\MiKTeX 2.9\tex\generic\oberdiek\ifvtex.sty"
Package: ifvtex 2010/03/01 v1.5 Switches for detecting VTeX and its modes (HO)
Package ifvtex Info: VTeX not detected.
)
("C:\Program Files (x86)\MiKTeX 2.9\tex\generic\ifxetex\ifxetex.sty"
Package: ifxetex 2010/09/12 v0.6 Provides ifxetex conditional
)
\Gm@cnth=\count187
\Gm@cntv=\count188
\c@Gm@tempcnt=\count189
\Gm@bindingoffset=\dimen135
\Gm@wd@mp=\dimen136
\Gm@odd@mp=\dimen137
\Gm@even@mp=\dimen138
\Gm@layoutwidth=\dimen139
\Gm@layoutheight=\dimen140
\Gm@layouthoffset=\dimen141
\Gm@layoutvoffset=\dimen142
\Gm@dimlist=\toks65

("C:\Program Files (x86)\MiKTeX 2.9\tex\latex\geometry\geometry.cfg"))
("C:\Program Files (x86)\MiKTeX 2.9\tex\latex\biblatex\biblatex.sty"
Package: biblatex 2011/05/12 v1.4c programmable bibliographies

("C:\Program Files (x86)\MiKTeX 2.9\tex\latex\etoolbox\etoolbox.sty"
Package: etoolbox 2011/01/03 v2.1 e-TeX tools for LaTeX
\etb@tempcnta=\count190
)
("C:\Program Files (x86)\MiKTeX 2.9\tex\latex\logreq\logreq.sty"
Package: logreq 2010/08/04 v1.0 xml request logger
\lrq@indent=\count191

("C:\Program Files (x86)\MiKTeX 2.9\tex\latex\logreq\logreq.def"
File: logreq.def 2010/08/04 v1.0 logreq spec v1.0
))
("C:\Program Files (x86)\MiKTeX 2.9\tex\latex\base\ifthen.sty"
Package: ifthen 2001/05/26 v1.1c Standard LaTeX ifthen package (DPC)
)
("C:\Program Files (x86)\MiKTeX 2.9\tex\latex\ltxmisc\url.sty"
\Urlmuskip=\muskip11
Package: url 2006/04/12  ver 3.3  Verb mode for urls, etc.
)
\c@listtotal=\count192
\c@listcount=\count193
\c@liststart=\count194
\c@liststop=\count195
\c@citecount=\count196
\c@citetotal=\count197
\c@multicitecount=\count198
\c@multicitetotal=\count199
\c@instcount=\count200
\c@maxnames=\count201
Normal \count register pool exhausted, switching to extended pool.
\c@minnames=\count277
\c@maxitems=\count278
\c@minitems=\count279
\c@citecounter=\count280
\c@savedcitecounter=\count281
\c@uniquelist=\count282
\c@uniquename=\count283
\c@refsection=\count284
\c@refsegment=\count285
\c@maxextrayear=\count286
\c@maxextraalpha=\count287
\c@abbrvpenalty=\count288
\c@highnamepenalty=\count289
\c@lownamepenalty=\count290
\c@maxparens=\count291
\c@parenlevel=\count292
\blx@tempcnta=\count293
\blx@tempcntb=\count294
\blx@maxsection=\count295
\blx@maxsegment=\count296
\blx@notetype=\count297
\blx@parenlevel@text=\count298
\blx@parenlevel@foot=\count299
\labelnumberwidth=\skip56
\labelalphawidth=\skip57
\shorthandwidth=\skip58
\biblabelsep=\skip59
\bibitemsep=\skip60
\bibnamesep=\skip61
\bibinitsep=\skip62
\bibparsep=\skip63
\bibhang=\skip64
\blx@auxin=\read1
\blx@auxout=\write3
\c@labelname=\count300
\c@savedlabelname=\count301
\c@author=\count302
\c@savedauthor=\count303
\c@shortauthor=\count304
\c@savedshortauthor=\count305
\c@editor=\count306
\c@savededitor=\count307
\c@editora=\count308
\c@savededitora=\count309
\c@editorb=\count310
\c@savededitorb=\count311
\c@editorc=\count312
\c@savededitorc=\count313
\c@shorteditor=\count314
\c@savedshorteditor=\count315
\c@bookauthor=\count316
\c@savedbookauthor=\count317
\c@translator=\count318
\c@savedtranslator=\count319
\c@annotator=\count320
\c@savedannotator=\count321
\c@commentator=\count322
\c@savedcommentator=\count323
\c@introduction=\count324
\c@savedintroduction=\count325
\c@foreword=\count326
\c@savedforeword=\count327
\c@afterword=\count328
\c@savedafterword=\count329
\c@holder=\count330
\c@savedholder=\count331
\c@namea=\count332
\c@savednamea=\count333
\c@nameb=\count334
\c@savednameb=\count335
\c@namec=\count336
\c@savednamec=\count337
\c@institution=\count338
\c@savedinstitution=\count339
\c@language=\count340
\c@savedlanguage=\count341
\c@location=\count342
\c@savedlocation=\count343
\c@organization=\count344
\c@savedorganization=\count345
\c@origlocation=\count346
\c@savedoriglocation=\count347
\c@origpublisher=\count348
\c@savedorigpublisher=\count349
\c@pageref=\count350
\c@savedpageref=\count351
\c@publisher=\count352
\c@savedpublisher=\count353
\c@lista=\count354
\c@savedlista=\count355
\c@listb=\count356
\c@savedlistb=\count357
\c@listc=\count358
\c@savedlistc=\count359
\c@listd=\count360
\c@savedlistd=\count361
\c@liste=\count362
\c@savedliste=\count363
\c@listf=\count364
\c@savedlistf=\count365
Package biblatex Info: Trying to load compatibility code...
Package biblatex Info: ... file 'blx-compat.def' found.

("C:\Program Files (x86)\MiKTeX 2.9\tex\latex\biblatex\blx-compat.def"
File: blx-compat.def 2011/05/12 v1.4c biblatex generic compatibility
)
Package biblatex Info: Trying to load generic definitions...
Package biblatex Info: ... file 'biblatex.def' found.

("C:\Program Files (x86)\MiKTeX 2.9\tex\latex\biblatex\biblatex.def"
File: biblatex.def 2011/05/12 v1.4c biblatex generic definitions
\c@smartand=\count366
)
Package biblatex Info: Trying to load bibliography style 'footnote-dw'...
Package biblatex Info: ... file 'footnote-dw.bbx' found.

("C:\Program Files (x86)\MiKTeX 2.9\tex\latex\biblatex-dw\bbx\footnote-dw.bbx"
File: footnote-dw.bbx 2011/02/06 v1.3c biblatex bibliography style
Package biblatex Info: Trying to load bibliography style 'authortitle-dw'...
Package biblatex Info: ... file 'authortitle-dw.bbx' found.

("C:\Program Files (x86)\MiKTeX 2.9\tex\latex\biblatex-dw\bbx\authortitle-dw.bb
x"
File: authortitle-dw.bbx 2011/02/06 v1.3c biblatex bibliography style
Package biblatex Info: Trying to load bibliography style 'standard-dw'...
Package biblatex Info: ... file 'standard-dw.bbx' found.
 ("C:\Program Files (x86)\MiKTeX 2.9\tex\latex\biblatex-dw\bbx\standard-dw.bbx"
File: standard-dw.bbx 2011/02/06 v1.3c biblatex bibliography style
Package biblatex Info: Trying to load bibliography style 'standard'...
Package biblatex Info: ... file 'standard.bbx' found.
 ("C:\Program Files (x86)\MiKTeX 2.9\tex\latex\biblatex\bbx\standard.bbx"
File: standard.bbx 2011/05/12 v1.4c biblatex bibliography style
)
\bbx@shorthandwidth=\skip65
\shorthandsep=\skip66
)))
Package biblatex Info: Trying to load citation style 'footnote-dw'...
Package biblatex Info: ... file 'footnote-dw.cbx' found.
("C:\Program Files (x86)\MiKTeX 2.9\tex\latex\biblatex-dw\cbx\footnote-dw.cbx"
File: footnote-dw.cbx 2011/02/06 v1.3c biblatex citation style
Package biblatex Info: Trying to load citation style 'standard-dw'...
Package biblatex Info: ... file 'standard-dw.cbx' found.

("C:\Program Files (x86)\MiKTeX 2.9\tex\latex\biblatex-dw\cbx\standard-dw.cbx"
File: standard-dw.cbx 2011/02/06 v1.3c biblatex citation style
)
Package biblatex Info: Redefining '\cite'.
Package biblatex Info: Redefining '\parencite'.
Package biblatex Info: Redefining '\footcite'.
Package biblatex Info: Redefining '\fullcite'.
Package biblatex Info: Redefining '\footfullcite'.
Package biblatex Info: Redefining '\cites'.
Package biblatex Info: Redefining '\parencites'.
Package biblatex Info: Redefining '\footcites'.
)
Package biblatex Info: Trying to load configuration file...
Package biblatex Info: ... file 'biblatex.cfg' found.
 ("C:\Program Files (x86)\MiKTeX 2.9\tex\latex\biblatex\biblatex.cfg"
File: biblatex.cfg 
))
("C:\Program Files (x86)\MiKTeX 2.9\tex\latex\listings\listings.sty"
\lst@mode=\count367
\lst@gtempboxa=\box33
\lst@token=\toks66
\lst@length=\count368
\lst@currlwidth=\dimen143
\lst@column=\count369
\lst@pos=\count370
\lst@lostspace=\dimen144
\lst@width=\dimen145
\lst@newlines=\count371
\lst@lineno=\count372
\lst@maxwidth=\dimen146

("C:\Program Files (x86)\MiKTeX 2.9\tex\latex\listings\lstmisc.sty"
File: lstmisc.sty 2007/02/22 1.4 (Carsten Heinz)
\c@lstnumber=\count373
\lst@skipnumbers=\count374
\lst@framebox=\box34
)
("C:\Program Files (x86)\MiKTeX 2.9\tex\latex\listings\listings.cfg"
File: listings.cfg 2007/02/22 1.4 listings configuration
))
Package: listings 2007/02/22 1.4 (Carsten Heinz)

("C:\Program Files (x86)\MiKTeX 2.9\tex\latex\graphics\color.sty"
Package: color 2005/11/14 v1.0j Standard LaTeX Color (DPC)

("C:\Program Files (x86)\MiKTeX 2.9\tex\latex\00miktex\color.cfg"
File: color.cfg 2007/01/18 v1.5 color configuration of teTeX/TeXLive
)
Package color Info: Driver file: pdftex.def on input line 130.

("C:\Program Files (x86)\MiKTeX 2.9\tex\latex\graphics\dvipsnam.def"
File: dvipsnam.def 1999/02/16 v3.0i Driver-dependant file (DPC,SPQR)
))
("C:\Program Files (x86)\MiKTeX 2.9\tex\latex\listings\lstlang1.sty"
File: lstlang1.sty 2004/09/05 1.3 listings language file
)
Package biblatex Info: Trying to load language 'english' -> 'english-dw'...
Package biblatex Info: ... file 'english-dw.lbx' found.

("C:\Program Files (x86)\MiKTeX 2.9\tex\latex\biblatex-dw\lbx\english-dw.lbx"
File: english-dw.lbx 2011/02/06 v1.3c biblatex localization file
Package biblatex Info: Trying to load language 'english'...
Package biblatex Info: ... file 'english.lbx' found.

("C:\Program Files (x86)\MiKTeX 2.9\tex\latex\biblatex\lbx\english.lbx"
File: english.lbx 2011/05/12 v1.4c biblatex localization
))
\@quotelevel=\count375
\@quotereset=\count376

("C:\Users\Ben\Dropbox\College\4). Senior Year\Second Semester\MAE 3195-- Compu
ter-Aided Design of Mechanical Systems\Final\Yarmis Final Report.aux")
LaTeX Font Info:    Checking defaults for OML/cmm/m/it on input line 75.
LaTeX Font Info:    ... okay on input line 75.
LaTeX Font Info:    Checking defaults for T1/cmr/m/n on input line 75.
LaTeX Font Info:    ... okay on input line 75.
LaTeX Font Info:    Checking defaults for OT1/cmr/m/n on input line 75.
LaTeX Font Info:    ... okay on input line 75.
LaTeX Font Info:    Checking defaults for OMS/cmsy/m/n on input line 75.
LaTeX Font Info:    ... okay on input line 75.
LaTeX Font Info:    Checking defaults for OMX/cmex/m/n on input line 75.
LaTeX Font Info:    ... okay on input line 75.
LaTeX Font Info:    Checking defaults for U/cmr/m/n on input line 75.
LaTeX Font Info:    ... okay on input line 75.
LaTeX Font Info:    Checking defaults for TS1/cmr/m/n on input line 75.
LaTeX Font Info:    ... okay on input line 75.

("C:\Program Files (x86)\MiKTeX 2.9\tex\context\base\supp-pdf.mkii"
[Loading MPS to PDF converter (version 2006.09.02).]
\scratchcounter=\count377
\scratchdimen=\dimen147
\scratchbox=\box35
\nofMPsegments=\count378
\nofMParguments=\count379
\everyMPshowfont=\toks67
\MPscratchCnt=\count380
\MPscratchDim=\dimen148
\MPnumerator=\count381
\everyMPtoPDFconversion=\toks68
)
Package caption Info: Begin \AtBeginDocument code.
Package caption Info: listings package is loaded.
Package caption Info: End \AtBeginDocument code.

*geometry* driver: auto-detecting
*geometry* detected driver: pdftex
*geometry* verbose mode - [ preamble ] result:
* driver: pdftex
* paper: letterpaper
* layout: <same size as paper>
* layoutoffset:(h,v)=(0.0pt,0.0pt)
* modes: 
* h-part:(L,W,R)=(92.14519pt, 430.00462pt, 92.14519pt)
* v-part:(T,H,B)=(95.39737pt, 556.47656pt, 143.09605pt)
* \paperwidth=614.295pt
* \paperheight=794.96999pt
* \textwidth=430.00462pt
* \textheight=556.47656pt
* \oddsidemargin=19.8752pt
* \evensidemargin=19.8752pt
* \topmargin=-13.87262pt
* \headheight=12.0pt
* \headsep=25.0pt
* \topskip=12.0pt
* \footskip=30.0pt
* \marginparwidth=44.0pt
* \marginparsep=10.0pt
* \columnsep=10.0pt
* \skip\footins=10.8pt plus 4.0pt minus 2.0pt
* \hoffset=0.0pt
* \voffset=0.0pt
* \mag=1000
* \@twocolumnfalse
* \@twosidefalse
* \@mparswitchfalse
* \@reversemarginfalse
* (1in=72.27pt=25.4mm, 1cm=28.453pt)

Package biblatex Info: Input encoding 'latin1' detected.
Package biblatex Info: Automatic encoding selection.
(biblatex)             Assuming data encoding 'latin1'.

Package biblatex Warning: Data encoding is 'latin1'.
(biblatex)                Use backend=bibtex8 or backend=biber.

Package biblatex Info: Trying to load bibliographic data...
Package biblatex Info: ... file 'Yarmis*Final*Report.bbl' found.

("C:\Users\Ben\Dropbox\College\4). Senior Year\Second Semester\MAE 3195-- Compu
ter-Aided Design of Mechanical Systems\Final\Yarmis Final Report.bbl")
Package biblatex Info: Reference section=0 on input line 75.
Package biblatex Info: Reference segment=0 on input line 75.
\c@lstlisting=\count382
 [1

{C:/ProgramData/MiKTeX/2.9/pdftex/config/pdftex.map}]
("C:\Users\Ben\Dropbox\College\4). Senior Year\Second Semester\MAE 3195-- Compu
ter-Aided Design of Mechanical Systems\Final\Yarmis Final Report.toc"
LaTeX Font Info:    Try loading font information for U+msa on input line 9.

("C:\Program Files (x86)\MiKTeX 2.9\tex\latex\amsfonts\umsa.fd"
File: umsa.fd 2009/06/22 v3.00 AMS symbols A
)
LaTeX Font Info:    Try loading font information for U+msb on input line 9.

("C:\Program Files (x86)\MiKTeX 2.9\tex\latex\amsfonts\umsb.fd"
File: umsb.fd 2009/06/22 v3.00 AMS symbols B
))
\tf@toc=\write4
 [1

]
("C:\Users\Ben\Dropbox\College\4). Senior Year\Second Semester\MAE 3195-- Compu
ter-Aided Design of Mechanical Systems\Final\Yarmis Final Report.lof")
\tf@lof=\write5
 [2

]
("C:\Users\Ben\Dropbox\College\4). Senior Year\Second Semester\MAE 3195-- Compu
ter-Aided Design of Mechanical Systems\Final\Yarmis Final Report.lot")
\tf@lot=\write6
 [3

]
Chapter 1.
<CrossSection.png, id=18, 338.01282pt x 321.45094pt>
File: CrossSection.png Graphic file (type png)
 <use CrossSection.png>
Package pdftex.def Info: CrossSection.png used on input line 139.
(pdftex.def)             Requested size: 193.50076pt x 184.02353pt.

<Labelled.png, id=20, 274.77657pt x 316.93407pt>
File: Labelled.png Graphic file (type png)
 <use Labelled.png>
Package pdftex.def Info: Labelled.png used on input line 155.
(pdftex.def)             Requested size: 193.50076pt x 223.19675pt.
 [4

]
[5 <C:/Users/Ben/Dropbox/College/4). Senior Year/Second Semester/MAE 3195-- Com
puter-Aided Design of Mechanical Systems/Final/CrossSection.png> <C:/Users/Ben/
Dropbox/College/4). Senior Year/Second Semester/MAE 3195-- Computer-Aided Desig
n of Mechanical Systems/Final/Labelled.png>]
LaTeX Font Info:    Calculating math sizes for size <8.39996> on input line 166
.
 [6]
Chapter 2.
<Symmetry.png, id=36, 596.98032pt x 610.53094pt>
File: Symmetry.png Graphic file (type png)
 <use Symmetry.png>
Package pdftex.def Info: Symmetry.png used on input line 186.
(pdftex.def)             Requested size: 193.50076pt x 197.88919pt.
 [7

]
<./ScreenShots/Sinusoidal/WaveForceCenterSetUp.png, id=40, 228.855pt x 523.9575
pt>
File: ./ScreenShots/Sinusoidal/WaveForceCenterSetUp.png Graphic file (type png)

 <use ./ScreenShots/Sinusoidal/WaveForceCenterSetUp.png>
Package pdftex.def Info: ./ScreenShots/Sinusoidal/WaveForceCenterSetUp.png used
 on input line 196.
(pdftex.def)             Requested size: 107.50114pt x 246.11615pt.


LaTeX Warning: `!h' float specifier changed to `!ht'.

[8 <C:/Users/Ben/Dropbox/College/4). Senior Year/Second Semester/MAE 3195-- Com
puter-Aided Design of Mechanical Systems/Final/Symmetry.png>] [9 <C:/Users/Ben/
Dropbox/College/4). Senior Year/Second Semester/MAE 3195-- Computer-Aided Desig
n of Mechanical Systems/Final/ScreenShots/Sinusoidal/WaveForceCenterSetUp.png>]
<./ScreenShots/L1Constraints.png, id=50, 331.2375pt x 259.7203pt>
File: ./ScreenShots/L1Constraints.png Graphic file (type png)

<use ./ScreenShots/L1Constraints.png>
Package pdftex.def Info: ./ScreenShots/L1Constraints.png used on input line 229
.
(pdftex.def)             Requested size: 322.50346pt x 252.88347pt.
 [10 <C:/Users/Ben/Dropbox/College/4). Senior Year/Second Semester/MAE 3195-- C
omputer-Aided Design of Mechanical Systems/Final/ScreenShots/L1Constraints.png>
]
<./ScreenShots/Meshes/CenterMeshCrop.png, id=55, 282.30469pt x 496.10344pt>
File: ./ScreenShots/Meshes/CenterMeshCrop.png Graphic file (type png)

<use ./ScreenShots/Meshes/CenterMeshCrop.png>
Package pdftex.def Info: ./ScreenShots/Meshes/CenterMeshCrop.png used on input 
line 253.
(pdftex.def)             Requested size: 129.00269pt x 226.70393pt.

<./ScreenShots/Meshes/L1MeshCrop.png, id=56, 309.40594pt x 487.06969pt>
File: ./ScreenShots/Meshes/L1MeshCrop.png Graphic file (type png)

<use ./ScreenShots/Meshes/L1MeshCrop.png>
Package pdftex.def Info: ./ScreenShots/Meshes/L1MeshCrop.png used on input line
 258.
(pdftex.def)             Requested size: 129.00269pt x 203.08145pt.

<./ScreenShots/Meshes/L2MeshCrop.png, id=57, 264.23718pt x 419.31656pt>
File: ./ScreenShots/Meshes/L2MeshCrop.png Graphic file (type png)

<use ./ScreenShots/Meshes/L2MeshCrop.png>
Package pdftex.def Info: ./ScreenShots/Meshes/L2MeshCrop.png used on input line
 263.
(pdftex.def)             Requested size: 129.00269pt x 204.71191pt.
 [11 <C:/Users/Ben/Dropbox/College/4). Senior Year/Second Semester/MAE 3195-- C
omputer-Aided Design of Mechanical Systems/Final/ScreenShots/Meshes/CenterMeshC
rop.png> <C:/Users/Ben/Dropbox/College/4). Senior Year/Second Semester/MAE 3195
-- Computer-Aided Design of Mechanical Systems/Final/ScreenShots/Meshes/L1MeshC
rop.png> <C:/Users/Ben/Dropbox/College/4). Senior Year/Second Semester/MAE 3195
-- Computer-Aided Design of Mechanical Systems/Final/ScreenShots/Meshes/L2MeshC
rop.png>]
<ForcePlot.png, id=65, 421.575pt x 316.18124pt>
File: ForcePlot.png Graphic file (type png)
 <use ForcePlot.png>
Package pdftex.def Info: ForcePlot.png used on input line 304.
(pdftex.def)             Requested size: 322.50346pt x 241.88268pt.
 [12]
[13 <C:/Users/Ben/Dropbox/College/4). Senior Year/Second Semester/MAE 3195-- Co
mputer-Aided Design of Mechanical Systems/Final/ForcePlot.png (PNG copy)>]
[14] [15]
<./ScreenShots/Bullet/CenterBulletOptimDispGraph.png, id=82, 1068.24094pt x 504
.38437pt>
File: ./ScreenShots/Bullet/CenterBulletOptimDispGraph.png Graphic file (type pn
g)
 <use ./ScreenShots/Bullet/CenterBulletOptimDispGraph.png>
Package pdftex.def Info: ./ScreenShots/Bullet/CenterBulletOptimDispGraph.png us
ed on input line 367.
(pdftex.def)             Requested size: 193.50076pt x 91.36249pt.

<./ScreenShots/Bullet/CenterBulletOptimMassGraph.png, id=83, 1068.24094pt x 506
.6428pt>
File: ./ScreenShots/Bullet/CenterBulletOptimMassGraph.png Graphic file (type pn
g)
 <use ./ScreenShots/Bullet/CenterBulletOptimMassGraph.png>
Package pdftex.def Info: ./ScreenShots/Bullet/CenterBulletOptimMassGraph.png us
ed on input line 372.
(pdftex.def)             Requested size: 193.50076pt x 91.77158pt.

<./ScreenShots/Bullet/L1BulletOptimDispGraph.png, id=84, 1058.45438pt x 501.373
12pt>
File: ./ScreenShots/Bullet/L1BulletOptimDispGraph.png Graphic file (type png)
 <use ./ScreenShots/Bullet/L1BulletOptimDispGraph.png>
Package pdftex.def Info: ./ScreenShots/Bullet/L1BulletOptimDispGraph.png used o
n input line 382.
(pdftex.def)             Requested size: 193.50076pt x 91.65857pt.

<./ScreenShots/Bullet/L1BulletOptimMassGraph.png, id=85, 1060.71281pt x 505.89p
t>
File: ./ScreenShots/Bullet/L1BulletOptimMassGraph.png Graphic file (type png)
 <use ./ScreenShots/Bullet/L1BulletOptimMassGraph.png>
Package pdftex.def Info: ./ScreenShots/Bullet/L1BulletOptimMassGraph.png used o
n input line 387.
(pdftex.def)             Requested size: 193.50076pt x 92.28362pt.

<./ScreenShots/Bullet/L2BulletOptimDispGraph.png, id=86, 1065.22969pt x 506.642
8pt>
File: ./ScreenShots/Bullet/L2BulletOptimDispGraph.png Graphic file (type png)
 <use ./ScreenShots/Bullet/L2BulletOptimDispGraph.png>
Package pdftex.def Info: ./ScreenShots/Bullet/L2BulletOptimDispGraph.png used o
n input line 397.
(pdftex.def)             Requested size: 193.50076pt x 92.02669pt.

<./ScreenShots/Bullet/L2BulletOptimMassGraph.png, id=87, 1060.71281pt x 506.642
8pt>
File: ./ScreenShots/Bullet/L2BulletOptimMassGraph.png Graphic file (type png)
 <use ./ScreenShots/Bullet/L2BulletOptimMassGraph.png>
Package pdftex.def Info: ./ScreenShots/Bullet/L2BulletOptimMassGraph.png used o
n input line 402.
(pdftex.def)             Requested size: 193.50076pt x 92.42094pt.
 [16 <C:/Users/Ben/Dropbox/College/4). Senior Year/Second Semester/MAE 3195-- C
omputer-Aided Design of Mechanical Systems/Final/ScreenShots/Bullet/CenterBulle
tOptimDispGraph.png> <C:/Users/Ben/Dropbox/College/4). Senior Year/Second Semes
ter/MAE 3195-- Computer-Aided Design of Mechanical Systems/Final/ScreenShots/Bu
llet/CenterBulletOptimMassGraph.png> <C:/Users/Ben/Dropbox/College/4). Senior Y
ear/Second Semester/MAE 3195-- Computer-Aided Design of Mechanical Systems/Fina
l/ScreenShots/Bullet/L1BulletOptimDispGraph.png> <C:/Users/Ben/Dropbox/College/
4). Senior Year/Second Semester/MAE 3195-- Computer-Aided Design of Mechanical 
Systems/Final/ScreenShots/Bullet/L1BulletOptimMassGraph.png> <C:/Users/Ben/Drop
box/College/4). Senior Year/Second Semester/MAE 3195-- Computer-Aided Design of
 Mechanical Systems/Final/ScreenShots/Bullet/L2BulletOptimDispGraph.png> <C:/Us
ers/Ben/Dropbox/College/4). Senior Year/Second Semester/MAE 3195-- Computer-Aid
ed Design of Mechanical Systems/Final/ScreenShots/Bullet/L2BulletOptimMassGraph
.png>]
<./ScreenShots/Pressure/CenterOptimDisp.png, id=97, 971.88094pt x 505.89pt>
File: ./ScreenShots/Pressure/CenterOptimDisp.png Graphic file (type png)

<use ./ScreenShots/Pressure/CenterOptimDisp.png>
Package pdftex.def Info: ./ScreenShots/Pressure/CenterOptimDisp.png used on inp
ut line 416.
(pdftex.def)             Requested size: 193.50076pt x 100.72076pt.

<./ScreenShots/Pressure/CenterOptimMass.png, id=98, 974.89218pt x 505.89pt>
File: ./ScreenShots/Pressure/CenterOptimMass.png Graphic file (type png)

<use ./ScreenShots/Pressure/CenterOptimMass.png>
Package pdftex.def Info: ./ScreenShots/Pressure/CenterOptimMass.png used on inp
ut line 421.
(pdftex.def)             Requested size: 193.50076pt x 100.41199pt.

<./ScreenShots/Pressure/L1OptimDisp.png, id=99, 974.13937pt x 505.89pt>
File: ./ScreenShots/Pressure/L1OptimDisp.png Graphic file (type png)

<use ./ScreenShots/Pressure/L1OptimDisp.png>
Package pdftex.def Info: ./ScreenShots/Pressure/L1OptimDisp.png used on input l
ine 431.
(pdftex.def)             Requested size: 193.50076pt x 100.48918pt.

<./ScreenShots/Pressure/L1OptimMass.png, id=100, 976.39781pt x 508.14844pt>
File: ./ScreenShots/Pressure/L1OptimMass.png Graphic file (type png)

<use ./ScreenShots/Pressure/L1OptimMass.png>
Package pdftex.def Info: ./ScreenShots/Pressure/L1OptimMass.png used on input l
ine 436.
(pdftex.def)             Requested size: 193.50076pt x 100.69743pt.

<./ScreenShots/Pressure/L2OptimDisp.png, id=101, 974.13937pt x 505.89pt>
File: ./ScreenShots/Pressure/L2OptimDisp.png Graphic file (type png)

<use ./ScreenShots/Pressure/L2OptimDisp.png>
Package pdftex.def Info: ./ScreenShots/Pressure/L2OptimDisp.png used on input l
ine 446.
(pdftex.def)             Requested size: 193.50076pt x 100.48918pt.

<./ScreenShots/Pressure/L2OptimMass.png, id=102, 974.13937pt x 507.39563pt>
File: ./ScreenShots/Pressure/L2OptimMass.png Graphic file (type png)

<use ./ScreenShots/Pressure/L2OptimMass.png>
Package pdftex.def Info: ./ScreenShots/Pressure/L2OptimMass.png used on input l
ine 451.
(pdftex.def)             Requested size: 193.50076pt x 100.78827pt.
 [17 <C:/Users/Ben/Dropbox/College/4). Senior Year/Second Semester/MAE 3195-- C
omputer-Aided Design of Mechanical Systems/Final/ScreenShots/Pressure/CenterOpt
imDisp.png> <C:/Users/Ben/Dropbox/College/4). Senior Year/Second Semester/MAE 3
195-- Computer-Aided Design of Mechanical Systems/Final/ScreenShots/Pressure/Ce
nterOptimMass.png> <C:/Users/Ben/Dropbox/College/4). Senior Year/Second Semeste
r/MAE 3195-- Computer-Aided Design of Mechanical Systems/Final/ScreenShots/Pres
sure/L1OptimDisp.png> <C:/Users/Ben/Dropbox/College/4). Senior Year/Second Seme
ster/MAE 3195-- Computer-Aided Design of Mechanical Systems/Final/ScreenShots/P
ressure/L1OptimMass.png> <C:/Users/Ben/Dropbox/College/4). Senior Year/Second S
emester/MAE 3195-- Computer-Aided Design of Mechanical Systems/Final/ScreenShot
s/Pressure/L2OptimDisp.png> <C:/Users/Ben/Dropbox/College/4). Senior Year/Secon
d Semester/MAE 3195-- Computer-Aided Design of Mechanical Systems/Final/ScreenS
hots/Pressure/L2OptimMass.png>]
<./ScreenShots/Sinusoidal/SinusoidalCenterOptimDisp.png, id=112, 1416.04031pt x
 712.16063pt>
File: ./ScreenShots/Sinusoidal/SinusoidalCenterOptimDisp.png Graphic file (type
 png)
 <use ./ScreenShots/Sinusoidal/SinusoidalCenterOptimDisp.png>
Package pdftex.def Info: ./ScreenShots/Sinusoidal/SinusoidalCenterOptimDisp.png
 used on input line 466.
(pdftex.def)             Requested size: 193.50076pt x 97.31113pt.

<./ScreenShots/Sinusoidal/SinusoidalCenterOptimMass.png, id=113, 1416.04031pt x
 711.4078pt>
File: ./ScreenShots/Sinusoidal/SinusoidalCenterOptimMass.png Graphic file (type
 png)
 <use ./ScreenShots/Sinusoidal/SinusoidalCenterOptimMass.png>
Package pdftex.def Info: ./ScreenShots/Sinusoidal/SinusoidalCenterOptimMass.png
 used on input line 471.
(pdftex.def)             Requested size: 193.50076pt x 97.20827pt.

<./ScreenShots/Sinusoidal/SinusoidalL1OptimDisp.png, id=114, 1411.52344pt x 710
.655pt>
File: ./ScreenShots/Sinusoidal/SinusoidalL1OptimDisp.png Graphic file (type png
)
 <use ./ScreenShots/Sinusoidal/SinusoidalL1OptimDisp.png>
Package pdftex.def Info: ./ScreenShots/Sinusoidal/SinusoidalL1OptimDisp.png use
d on input line 481.
(pdftex.def)             Requested size: 193.50076pt x 97.41986pt.

<./ScreenShots/Sinusoidal/SinusoidalL1OptimMass.png, id=115, 1413.78188pt x 715
.17188pt>
File: ./ScreenShots/Sinusoidal/SinusoidalL1OptimMass.png Graphic file (type png
)
 <use ./ScreenShots/Sinusoidal/SinusoidalL1OptimMass.png>
Package pdftex.def Info: ./ScreenShots/Sinusoidal/SinusoidalL1OptimMass.png use
d on input line 486.
(pdftex.def)             Requested size: 193.50076pt x 97.87537pt.

<./ScreenShots/Sinusoidal/SinusoidalL2OptimMass.png, id=116, 1327.96124pt x 713
.66624pt>
File: ./ScreenShots/Sinusoidal/SinusoidalL2OptimMass.png Graphic file (type png
)
 <use ./ScreenShots/Sinusoidal/SinusoidalL2OptimMass.png>
Package pdftex.def Info: ./ScreenShots/Sinusoidal/SinusoidalL2OptimMass.png use
d on input line 496.
(pdftex.def)             Requested size: 193.50076pt x 103.98532pt.
File: ./ScreenShots/Sinusoidal/SinusoidalL2OptimMass.png Graphic file (type png
)

<use ./ScreenShots/Sinusoidal/SinusoidalL2OptimMass.png>
Package pdftex.def Info: ./ScreenShots/Sinusoidal/SinusoidalL2OptimMass.png use
d on input line 501.
(pdftex.def)             Requested size: 193.50076pt x 103.98532pt.
 [18 <C:/Users/Ben/Dropbox/College/4). Senior Year/Second Semester/MAE 3195-- C
omputer-Aided Design of Mechanical Systems/Final/ScreenShots/Sinusoidal/Sinusoi
dalCenterOptimDisp.png> <C:/Users/Ben/Dropbox/College/4). Senior Year/Second Se
mester/MAE 3195-- Computer-Aided Design of Mechanical Systems/Final/ScreenShots
/Sinusoidal/SinusoidalCenterOptimMass.png> <C:/Users/Ben/Dropbox/College/4). Se
nior Year/Second Semester/MAE 3195-- Computer-Aided Design of Mechanical System
s/Final/ScreenShots/Sinusoidal/SinusoidalL1OptimDisp.png> <C:/Users/Ben/Dropbox
/College/4). Senior Year/Second Semester/MAE 3195-- Computer-Aided Design of Me
chanical Systems/Final/ScreenShots/Sinusoidal/SinusoidalL1OptimMass.png> <C:/Us
ers/Ben/Dropbox/College/4). Senior Year/Second Semester/MAE 3195-- Computer-Aid
ed Design of Mechanical Systems/Final/ScreenShots/Sinusoidal/SinusoidalL2OptimM
ass.png>] [19]
<./ScreenShots/Bullet/BulletAssyDraw.png, id=129, 584.1825pt x 498.36188pt>
File: ./ScreenShots/Bullet/BulletAssyDraw.png Graphic file (type png)

<use ./ScreenShots/Bullet/BulletAssyDraw.png>
Package pdftex.def Info: ./ScreenShots/Bullet/BulletAssyDraw.png used on input 
line 541.
(pdftex.def)             Requested size: 322.50346pt x 275.13406pt.

<./ScreenShots/Bullet/BulletAssyDisp.png, id=130, 375.65344pt x 490.08093pt>
File: ./ScreenShots/Bullet/BulletAssyDisp.png Graphic file (type png)

<use ./ScreenShots/Bullet/BulletAssyDisp.png>
Package pdftex.def Info: ./ScreenShots/Bullet/BulletAssyDisp.png used on input 
line 548.
(pdftex.def)             Requested size: 215.0023pt x 280.50066pt.
 [20 <C:/Users/Ben/Dropbox/College/4). Senior Year/Second Semester/MAE 3195-- C
omputer-Aided Design of Mechanical Systems/Final/ScreenShots/Bullet/BulletAssyD
raw.png>] [21 <C:/Users/Ben/Dropbox/College/4). Senior Year/Second Semester/MAE
 3195-- Computer-Aided Design of Mechanical Systems/Final/ScreenShots/Bullet/Bu
lletAssyDisp.png>]
<./ScreenShots/Pressure/PressureAssyDraw.png, id=140, 634.62094pt x 551.05875pt
>
File: ./ScreenShots/Pressure/PressureAssyDraw.png Graphic file (type png)
 <use ./ScreenShots/Pressure/PressureAssyDraw.png>
Package pdftex.def Info: ./ScreenShots/Pressure/PressureAssyDraw.png used on in
put line 622.
(pdftex.def)             Requested size: 322.50346pt x 280.04404pt.

<./ScreenShots/Pressure/PressAssyDisp.png, id=141, 616.55344pt x 483.30562pt>
File: ./ScreenShots/Pressure/PressAssyDisp.png Graphic file (type png)

<use ./ScreenShots/Pressure/PressAssyDisp.png>
Package pdftex.def Info: ./ScreenShots/Pressure/PressAssyDisp.png used on input
 line 629.
(pdftex.def)             Requested size: 322.50346pt x 252.81004pt.
 [22 <C:/Users/Ben/Dropbox/College/4). Senior Year/Second Semester/MAE 3195-- C
omputer-Aided Design of Mechanical Systems/Final/ScreenShots/Pressure/PressureA
ssyDraw.png>] [23 <C:/Users/Ben/Dropbox/College/4). Senior Year/Second Semester
/MAE 3195-- Computer-Aided Design of Mechanical Systems/Final/ScreenShots/Press
ure/PressAssyDisp.png>]
<./ScreenShots/Sinusoidal/SinusoidalMeasurements.png, id=150, 766.36313pt x 590
.95781pt>
File: ./ScreenShots/Sinusoidal/SinusoidalMeasurements.png Graphic file (type pn
g)
 <use ./ScreenShots/Sinusoidal/SinusoidalMeasurements.png>
Package pdftex.def Info: ./ScreenShots/Sinusoidal/SinusoidalMeasurements.png us
ed on input line 705.
(pdftex.def)             Requested size: 322.50346pt x 248.68752pt.

<./ScreenShots/Sinusoidal/SinusoidalAssyDisp.png, id=151, 515.67656pt x 651.935
62pt>
File: ./ScreenShots/Sinusoidal/SinusoidalAssyDisp.png Graphic file (type png)
 <use ./ScreenShots/Sinusoidal/SinusoidalAssyDisp.png>
Package pdftex.def Info: ./ScreenShots/Sinusoidal/SinusoidalAssyDisp.png used o
n input line 712.
(pdftex.def)             Requested size: 215.0023pt x 271.8116pt.
 [24 <C:/Users/Ben/Dropbox/College/4). Senior Year/Second Semester/MAE 3195-- C
omputer-Aided Design of Mechanical Systems/Final/ScreenShots/Sinusoidal/Sinusoi
dalMeasurements.png>] [25 <C:/Users/Ben/Dropbox/College/4). Senior Year/Second 
Semester/MAE 3195-- Computer-Aided Design of Mechanical Systems/Final/ScreenSho
ts/Sinusoidal/SinusoidalAssyDisp.png>]
Chapter 3.
<./ScreenShots/Shutter/ShutterExterior.png, id=161, 1120.185pt x 344.78813pt>
File: ./ScreenShots/Shutter/ShutterExterior.png Graphic file (type png)

<use ./ScreenShots/Shutter/ShutterExterior.png>
Package pdftex.def Info: ./ScreenShots/Shutter/ShutterExterior.png used on inpu
t line 786.
(pdftex.def)             Requested size: 387.00153pt x 119.11511pt.

<./ScreenShots/Shutter/ShutterInterior.png, id=162, 1260.96094pt x 417.81094pt>
File: ./ScreenShots/Shutter/ShutterInterior.png Graphic file (type png)
<use ./ScreenShots/Shutter/ShutterInterior.png>
Package pdftex.def Info: ./ScreenShots/Shutter/ShutterInterior.png used on inpu
t line 791.
(pdftex.def)             Requested size: 387.00153pt x 128.23224pt.
 [26

]
<./ScreenShots/Shutter/ShutterAssyDrawClose.png, id=166, 470.50781pt x 624.8343
8pt>
File: ./ScreenShots/Shutter/ShutterAssyDrawClose.png Graphic file (type png)
 <use ./ScreenShots/Shutter/ShutterAssyDrawClose.png>
Package pdftex.def Info: ./ScreenShots/Shutter/ShutterAssyDrawClose.png used on
 input line 804.
(pdftex.def)             Requested size: 193.50076pt x 256.96556pt.

<./ScreenShots/Shutter/ShutterAssyDrawOpen.png, id=167, 615.80063pt x 654.94687
pt>
File: ./ScreenShots/Shutter/ShutterAssyDrawOpen.png Graphic file (type png)
 <use ./ScreenShots/Shutter/ShutterAssyDrawOpen.png>
Package pdftex.def Info: ./ScreenShots/Shutter/ShutterAssyDrawOpen.png used on 
input line 809.
(pdftex.def)             Requested size: 193.50076pt x 205.79968pt.
 [27 <C:/Users/Ben/Dropbox/College/4). Senior Year/Second Semester/MAE 3195-- C
omputer-Aided Design of Mechanical Systems/Final/ScreenShots/Shutter/ShutterExt
erior.png> <C:/Users/Ben/Dropbox/College/4). Senior Year/Second Semester/MAE 31
95-- Computer-Aided Design of Mechanical Systems/Final/ScreenShots/Shutter/Shut
terInterior.png>]
<./ScreenShots/Shutter/ShutterCloseUpHighlight.png, id=173, 819.8128pt x 433.62
pt>
File: ./ScreenShots/Shutter/ShutterCloseUpHighlight.png Graphic file (type png)

 <use ./ScreenShots/Shutter/ShutterCloseUpHighlight.png>
Package pdftex.def Info: ./ScreenShots/Shutter/ShutterCloseUpHighlight.png used
 on input line 823.
(pdftex.def)             Requested size: 215.0023pt x 113.71777pt.


LaTeX Warning: `h' float specifier changed to `ht'.

[28 <C:/Users/Ben/Dropbox/College/4). Senior Year/Second Semester/MAE 3195-- Co
mputer-Aided Design of Mechanical Systems/Final/ScreenShots/Shutter/ShutterAssy
DrawClose.png> <C:/Users/Ben/Dropbox/College/4). Senior Year/Second Semester/MA
E 3195-- Computer-Aided Design of Mechanical Systems/Final/ScreenShots/Shutter/
ShutterAssyDrawOpen.png>] [29 <C:/Users/Ben/Dropbox/College/4). Senior Year/Sec
ond Semester/MAE 3195-- Computer-Aided Design of Mechanical Systems/Final/Scree
nShots/Shutter/ShutterCloseUpHighlight.png>]
Chapter 4.
[30

]
*geometry* verbose mode - [ newgeometry ] result:
* driver: pdftex
* paper: letterpaper
* layout: <same size as paper>
* layoutoffset:(h,v)=(0.0pt,0.0pt)
* modes: 
* h-part:(L,W,R)=(72.26999pt, 469.75502pt, 72.26999pt)
* v-part:(T,H,B)=(72.26999pt, 650.43001pt, 72.26999pt)
* \paperwidth=614.295pt
* \paperheight=794.96999pt
* \textwidth=469.75502pt
* \textheight=650.43001pt
* \oddsidemargin=0.0pt
* \evensidemargin=0.0pt
* \topmargin=-37.0pt
* \headheight=12.0pt
* \headsep=25.0pt
* \topskip=12.0pt
* \footskip=30.0pt
* \marginparwidth=44.0pt
* \marginparsep=10.0pt
* \columnsep=10.0pt
* \skip\footins=10.8pt plus 4.0pt minus 2.0pt
* \hoffset=0.0pt
* \voffset=0.0pt
* \mag=1000
* \@twocolumnfalse
* \@twosidefalse
* \@mparswitchfalse
* \@reversemarginfalse
* (1in=72.27pt=25.4mm, 1cm=28.453pt)


Chapter 5.

("C:\Users\Ben\Dropbox\College\4). Senior Year\Second Semester\MAE 3195-- Compu
ter-Aided Design of Mechanical Systems\Final\ForcePlot.m") [31


]
("C:\Users\Ben\Dropbox\College\4). Senior Year\Second Semester\MAE 3195-- Compu
ter-Aided Design of Mechanical Systems\Final\Yarmis Final Report.aux")
Package logreq Info: Writing requests to 'Yarmis*Final*Report.run.xml'.
 ) 
Here is how much of TeX's memory you used:
 16525 strings out of 494049
 280123 string characters out of 3146071
 487017 words of memory out of 3000000
 19527 multiletter control sequences out of 15000+200000
 27179 words of font info for 105 fonts, out of 3000000 for 9000
 715 hyphenation exceptions out of 8191
 42i,19n,67p,828b,1732s stack positions out of 5000i,500n,10000p,200000b,50000s
{C:/Program Files (x86)/MiKTeX 2.9/fonts/enc/dvips/cm-super/cm-super-ts1.enc}
<C:/Program Files (x86)/MiKTeX 2.9/fonts/type1/public/amsfonts/cm/cmbx10.pfb><C
:/Program Files (x86)/MiKTeX 2.9/fonts/type1/public/amsfonts/cm/cmbx12.pfb><C:/
Program Files (x86)/MiKTeX 2.9/fonts/type1/public/amsfonts/cm/cmex10.pfb><C:/Pr
ogram Files (x86)/MiKTeX 2.9/fonts/type1/public/amsfonts/cm/cmmi12.pfb><C:/Prog
ram Files (x86)/MiKTeX 2.9/fonts/type1/public/amsfonts/cm/cmmi8.pfb><C:/Program
 Files (x86)/MiKTeX 2.9/fonts/type1/public/amsfonts/cm/cmr10.pfb><C:/Program Fi
les (x86)/MiKTeX 2.9/fonts/type1/public/amsfonts/cm/cmr12.pfb><C:/Program Files
 (x86)/MiKTeX 2.9/fonts/type1/public/amsfonts/cm/cmr17.pfb><C:/Program Files (x
86)/MiKTeX 2.9/fonts/type1/public/amsfonts/cm/cmr6.pfb><C:/Program Files (x86)/
MiKTeX 2.9/fonts/type1/public/amsfonts/cm/cmr7.pfb><C:/Program Files (x86)/MiKT
eX 2.9/fonts/type1/public/amsfonts/cm/cmr8.pfb><C:/Program Files (x86)/MiKTeX 2
.9/fonts/type1/public/amsfonts/cm/cmsy10.pfb><C:/Program Files (x86)/MiKTeX 2.9
/fonts/type1/public/amsfonts/cm/cmsy8.pfb><C:/Program Files (x86)/MiKTeX 2.9/fo
nts/type1/public/amsfonts/cm/cmti12.pfb><C:/Program Files (x86)/MiKTeX 2.9/font
s/type1/public/amsfonts/cm/cmtt10.pfb><C:/Program Files (x86)/MiKTeX 2.9/fonts/
type1/public/amsfonts/cm/cmtt12.pfb><C:/Program Files (x86)/MiKTeX 2.9/fonts/ty
pe1/public/cm-super/sfrm1200.pfb>
Output written on "Yarmis Final Report.pdf" (32 pages, 1485454 bytes).
PDF statistics:
 246 PDF objects out of 1000 (max. 8388607)
 0 named destinations out of 1000 (max. 500000)
 186 words of extra memory for PDF output out of 10000 (max. 10000000)

